2023-10-05T08:16:40+00:00 CRITICAL require(): Failed opening required '/home/u822946699/domains/sundaratravelclub.com/public_html/staging/wp-content/plugins/order-approval-woocommerce/includes/class-sg-order-approval-woocommerce.php' (include_path='.:/opt/alt/php74/usr/share/pear') in /home/u822946699/domains/sundaratravelclub.com/public_html/staging/wp-content/plugins/order-approval-woocommerce/order-approval-woocommerce.php on line 65

2023-10-05T08:16:44+00:00 CRITICAL require(): Failed opening required '/home/u822946699/domains/sundaratravelclub.com/public_html/staging/wp-content/plugins/order-approval-woocommerce/includes/class-sg-order-approval-woocommerce.php' (include_path='.:/opt/alt/php74/usr/share/pear') in /home/u822946699/domains/sundaratravelclub.com/public_html/staging/wp-content/plugins/order-approval-woocommerce/order-approval-woocommerce.php on line 65

2023-10-05T08:17:55+00:00 CRITICAL require(): Failed opening required '/home/u822946699/domains/sundaratravelclub.com/public_html/staging/wp-content/plugins/order-approval-woocommerce/includes/class-sg-order-approval-woocommerce.php' (include_path='.:/opt/alt/php74/usr/share/pear') in /home/u822946699/domains/sundaratravelclub.com/public_html/staging/wp-content/plugins/order-approval-woocommerce/order-approval-woocommerce.php on line 65

2023-10-05T08:17:58+00:00 CRITICAL require(): Failed opening required '/home/u822946699/domains/sundaratravelclub.com/public_html/staging/wp-content/plugins/order-approval-woocommerce/includes/class-sg-order-approval-woocommerce.php' (include_path='.:/opt/alt/php74/usr/share/pear') in /home/u822946699/domains/sundaratravelclub.com/public_html/staging/wp-content/plugins/order-approval-woocommerce/order-approval-woocommerce.php on line 65

2023-10-05T08:20:32+00:00 CRITICAL require(): Failed opening required '/home/u822946699/domains/sundaratravelclub.com/public_html/staging/wp-content/plugins/order-approval-woocommerce/includes/class-sg-order-approval-woocommerce.php' (include_path='.:/opt/alt/php74/usr/share/pear') in /home/u822946699/domains/sundaratravelclub.com/public_html/staging/wp-content/plugins/order-approval-woocommerce/order-approval-woocommerce.php on line 65

2023-10-05T08:20:35+00:00 CRITICAL require(): Failed opening required '/home/u822946699/domains/sundaratravelclub.com/public_html/staging/wp-content/plugins/order-approval-woocommerce/includes/class-sg-order-approval-woocommerce.php' (include_path='.:/opt/alt/php74/usr/share/pear') in /home/u822946699/domains/sundaratravelclub.com/public_html/staging/wp-content/plugins/order-approval-woocommerce/order-approval-woocommerce.php on line 65

2023-10-05T08:24:17+00:00 CRITICAL Uncaught Error: Class 'Sg_Order_Approval_Woocommerce' not found in /home/u822946699/domains/sundaratravelclub.com/public_html/staging/wp-content/plugins/order-approval-woocommerce/order-approval-woocommerce.php:82
Stack trace:
#0 /home/u822946699/domains/sundaratravelclub.com/public_html/staging/wp-content/plugins/order-approval-woocommerce/order-approval-woocommerce.php(85): run_sg_order_approval_woocommerce()
#1 /home/u822946699/domains/sundaratravelclub.com/public_html/staging/wp-admin/includes/plugin.php(2318): include_once('/home/u82294669...')
#2 /home/u822946699/domains/sundaratravelclub.com/public_html/staging/wp-admin/includes/plugin.php(663): plugin_sandbox_scrape('order-approval-...')
#3 /home/u822946699/domains/sundaratravelclub.com/public_html/staging/wp-admin/plugins.php(58): activate_plugin('order-approval-...', 'https://staging...', false)
#4 {main}
  thrown in /home/u822946699/domains/sundaratravelclub.com/public_html/staging/wp-content/plugins/order-approval-woocommerce/order-approval-woocommerce.php on line 82

2023-10-05T08:24:21+00:00 CRITICAL Uncaught Error: Class 'Sg_Order_Approval_Woocommerce' not found in /home/u822946699/domains/sundaratravelclub.com/public_html/staging/wp-content/plugins/order-approval-woocommerce/order-approval-woocommerce.php:82
Stack trace:
#0 /home/u822946699/domains/sundaratravelclub.com/public_html/staging/wp-content/plugins/order-approval-woocommerce/order-approval-woocommerce.php(85): run_sg_order_approval_woocommerce()
#1 /home/u822946699/domains/sundaratravelclub.com/public_html/staging/wp-admin/includes/plugin.php(2318): include_once('/home/u82294669...')
#2 /home/u822946699/domains/sundaratravelclub.com/public_html/staging/wp-admin/plugins.php(192): plugin_sandbox_scrape('order-approval-...')
#3 {main}
  thrown in /home/u822946699/domains/sundaratravelclub.com/public_html/staging/wp-content/plugins/order-approval-woocommerce/order-approval-woocommerce.php on line 82

