2023-09-03T06:51:21+00:00 CRITICAL Uncaught Error: str_replace(): Argument #4 ($count) cannot be passed by reference in /home/u822946699/domains/sundaratravelclub.com/public_html/staging/wp-content/plugins/cuberaksi-midtrans/woo/templates/order/order-details-item.php:57
Stack trace:
#0 /home/u822946699/domains/sundaratravelclub.com/public_html/staging/wp-content/plugins/woocommerce/includes/wc-core-functions.php(345): include()
#1 /home/u822946699/domains/sundaratravelclub.com/public_html/staging/wp-content/plugins/cuberaksi-midtrans/woo/templates/order/order-details.php(71): wc_get_template()
#2 /home/u822946699/domains/sundaratravelclub.com/public_html/staging/wp-content/plugins/woocommerce/includes/wc-core-functions.php(345): include('/home/u82294669...')
#3 /home/u822946699/domains/sundaratravelclub.com/public_html/staging/wp-content/plugins/woocommerce/includes/wc-template-functions.php(2724): wc_get_template()
#4 /home/u822946699/domains/sundaratravelclub.com/public_html/staging/wp-includes/class-wp-hook.php(310): woocommerce_order_details_table()
#5 /home/u822946699/domains/sundaratravelclub.com/public_html/staging/wp-includes/class-wp-hook.php(334): WP_Hook->apply_filters()
#6 /home/u822946699/domains/sundaratravelclub.com/public_html/staging/wp-includes/plugin.php(517): WP_Hook->do_action()
#7 /home/u822946699/domains/sundaratravelclub.com/public_html/staging/wp-content/plugins/cuberaksi-midtrans/woo/templates/checkout/thankyou.php(81): do_action()
#8 /home/u822946699/domains/sundaratravelclub.com/public_html/staging/wp-content/plugins/woocommerce/includes/wc-core-functions.php(345): include('/home/u82294669...')
#9 /home/u822946699/domains/sundaratravelclub.com/public_html/staging/wp-content/plugins/woocommerce/includes/shortcodes/class-wc-shortcode-checkout.php(322): wc_get_template()
#10 /home/u822946699/domains/sundaratravelclub.com/public_html/staging/wp-content/plugins/woocommerce/includes/shortcodes/class-wc-shortcode-checkout.php(63): WC_Shortcode_Checkout::order_received()
#11 /home/u822946699/domains/sundaratravelclub.com/public_html/staging/wp-content/plugins/woocommerce/includes/class-wc-shortcodes.php(72): WC_Shortcode_Checkout::output()
#12 /home/u822946699/domains/sundaratravelclub.com/public_html/staging/wp-content/plugins/woocommerce/includes/class-wc-shortcodes.php(95): WC_Shortcodes::shortcode_wrapper()
#13 /home/u822946699/domains/sundaratravelclub.com/public_html/staging/wp-includes/shortcodes.php(395): WC_Shortcodes::checkout()
#14 [internal function]: do_shortcode_tag()
#15 /home/u822946699/domains/sundaratravelclub.com/public_html/staging/wp-includes/shortcodes.php(235): preg_replace_callback()
#16 /home/u822946699/domains/sundaratravelclub.com/public_html/staging/wp-content/plugins/elementor-pro/modules/woocommerce/widgets/checkout.php(4293): do_shortcode()
#17 /home/u822946699/domains/sundaratravelclub.com/public_html/staging/wp-content/plugins/elementor/includes/base/controls-stack.php(2268): ElementorPro\Modules\Woocommerce\Widgets\Checkout->render()
#18 /home/u822946699/domains/sundaratravelclub.com/public_html/staging/wp-content/plugins/elementor/includes/base/widget-base.php(609): Elementor\Controls_Stack->render_by_mode()
#19 /home/u822946699/domains/sundaratravelclub.com/public_html/staging/wp-content/plugins/elementor/includes/base/widget-base.php(750): Elementor\Widget_Base->render_content()
#20 /home/u822946699/domains/sundaratravelclub.com/public_html/staging/wp-content/plugins/elementor/includes/base/element-base.php(449): Elementor\Widget_Base->print_content()
#21 /home/u822946699/domains/sundaratravelclub.com/public_html/staging/wp-content/plugins/elementor/includes/base/element-base.php(1354): Elementor\Element_Base->print_element()
#22 /home/u822946699/domains/sundaratravelclub.com/public_html/staging/wp-content/plugins/elementor/includes/base/element-base.php(449): Elementor\Element_Base->print_content()
#23 /home/u822946699/domains/sundaratravelclub.com/public_html/staging/wp-content/plugins/elementor/includes/base/element-base.php(1354): Elementor\Element_Base->print_element()
#24 /home/u822946699/domains/sundaratravelclub.com/public_html/staging/wp-content/plugins/elementor/includes/base/element-base.php(449): Elementor\Element_Base->print_content()
#25 /home/u822946699/domains/sundaratravelclub.com/public_html/staging/wp-content/plugins/elementor/core/base/document.php(1711): Elementor\Element_Base->print_element()
#26 /home/u822946699/domains/sundaratravelclub.com/public_html/staging/wp-content/plugins/elementor/core/base/document.php(1106): Elementor\Core\Base\Document->print_elements()
#27 /home/u822946699/domains/sundaratravelclub.com/public_html/staging/wp-content/plugins/elementor/includes/frontend.php(1179): Elementor\Core\Base\Document->print_elements_with_wrapper()
#28 /home/u822946699/domains/sundaratravelclub.com/public_html/staging/wp-content/plugins/elementor/includes/frontend.php(1074): Elementor\Frontend->get_builder_content()
#29 /home/u822946699/domains/sundaratravelclub.com/public_html/staging/wp-includes/class-wp-hook.php(310): Elementor\Frontend->apply_builder_in_content()
#30 /home/u822946699/domains/sundaratravelclub.com/public_html/staging/wp-includes/plugin.php(205): WP_Hook->apply_filters()
#31 /home/u822946699/domains/sundaratravelclub.com/public_html/staging/wp-includes/post-template.php(256): apply_filters()
#32 /home/u822946699/domains/sundaratravelclub.com/public_html/staging/wp-content/themes/astra/template-parts/single/content-header.php(33): the_content()
#33 /home/u822946699/domains/sundaratravelclub.com/public_html/staging/wp-includes/template.php(787): require('/home/u82294669...')
#34 /home/u822946699/domains/sundaratravelclub.com/public_html/staging/wp-includes/template.php(720): load_template()
#35 /home/u822946699/domains/sundaratravelclub.com/public_html/staging/wp-includes/general-template.php(206): locate_template()
#36 /home/u822946699/domains/sundaratravelclub.com/public_html/staging/wp-content/themes/astra/inc/template-parts.php(376): get_template_part()
#37 /home/u822946699/domains/sundaratravelclub.com/public_html/staging/wp-includes/class-wp-hook.php(310): astra_entry_content_single_page_template()
#38 /home/u822946699/domains/sundaratravelclub.com/public_html/staging/wp-includes/class-wp-hook.php(334): WP_Hook->apply_filters()
#39 /home/u822946699/domains/sundaratravelclub.com/public_html/staging/wp-includes/plugin.php(517): WP_Hook->do_action()
#40 /home/u822946699/domains/sundaratravelclub.com/public_html/staging/wp-content/themes/astra/inc/core/theme-hooks.php(452): do_action()
#41 /home/u822946699/domains/sundaratravelclub.com/public_html/staging/wp-content/themes/astra/template-parts/content-page.php(26): astra_entry_content_single_page()
#42 /home/u822946699/domains/sundaratravelclub.com/public_html/staging/wp-includes/template.php(787): require('/home/u82294669...')
#43 /home/u822946699/domains/sundaratravelclub.com/public_html/staging/wp-includes/template.php(720): load_template()
#44 /home/u822946699/domains/sundaratravelclub.com/public_html/staging/wp-includes/general-template.php(206): locate_template()
#45 /home/u822946699/domains/sundaratravelclub.com/public_html/staging/wp-content/themes/astra/inc/class-astra-loop.php(109): get_template_part()
#46 /home/u822946699/domains/sundaratravelclub.com/public_html/staging/wp-includes/class-wp-hook.php(310): Astra_Loop->template_parts_page()
#47 /home/u822946699/domains/sundaratravelclub.com/public_html/staging/wp-includes/class-wp-hook.php(334): WP_Hook->apply_filters()
#48 /home/u822946699/domains/sundaratravelclub.com/public_html/staging/wp-includes/plugin.php(517): WP_Hook->do_action()
#49 /home/u822946699/domains/sundaratravelclub.com/public_html/staging/wp-content/themes/astra/inc/class-astra-loop.php(197): do_action()
#50 /home/u822946699/domains/sundaratravelclub.com/public_html/staging/wp-content/themes/astra/inc/class-astra-loop.php(174): Astra_Loop->loop_markup()
#51 /home/u822946699/domains/sundaratravelclub.com/public_html/staging/wp-includes/class-wp-hook.php(310): Astra_Loop->loop_markup_page()
#52 /home/u822946699/domains/sundaratravelclub.com/public_html/staging/wp-includes/class-wp-hook.php(334): WP_Hook->apply_filters()
#53 /home/u822946699/domains/sundaratravelclub.com/public_html/staging/wp-includes/plugin.php(517): WP_Hook->do_action()
#54 /home/u822946699/domains/sundaratravelclub.com/public_html/staging/wp-content/themes/astra/inc/core/theme-hooks.php(267): do_action()
#55 /home/u822946699/domains/sundaratravelclub.com/public_html/staging/wp-content/themes/astra/page.php(32): astra_content_page_loop()
#56 /home/u822946699/domains/sundaratravelclub.com/public_html/staging/wp-includes/template-loader.php(106): include('/home/u82294669...')
#57 /home/u822946699/domains/sundaratravelclub.com/public_html/staging/wp-blog-header.php(19): require_once('/home/u82294669...')
#58 /home/u822946699/domains/sundaratravelclub.com/public_html/staging/index.php(17): require('/home/u82294669...')
#59 {main}
  thrown in /home/u822946699/domains/sundaratravelclub.com/public_html/staging/wp-content/plugins/cuberaksi-midtrans/woo/templates/order/order-details-item.php on line 57

2023-09-03T06:57:43+00:00 CRITICAL Uncaught Error: Value of type null is not callable in /home/u822946699/domains/sundaratravelclub.com/public_html/staging/wp-content/plugins/cuberaksi-midtrans/woo/templates/order/order-details-item.php:58
Stack trace:
#0 /home/u822946699/domains/sundaratravelclub.com/public_html/staging/wp-content/plugins/woocommerce/includes/wc-core-functions.php(345): include()
#1 /home/u822946699/domains/sundaratravelclub.com/public_html/staging/wp-content/plugins/cuberaksi-midtrans/woo/templates/order/order-details.php(71): wc_get_template()
#2 /home/u822946699/domains/sundaratravelclub.com/public_html/staging/wp-content/plugins/woocommerce/includes/wc-core-functions.php(345): include('/home/u82294669...')
#3 /home/u822946699/domains/sundaratravelclub.com/public_html/staging/wp-content/plugins/woocommerce/includes/wc-template-functions.php(2724): wc_get_template()
#4 /home/u822946699/domains/sundaratravelclub.com/public_html/staging/wp-includes/class-wp-hook.php(310): woocommerce_order_details_table()
#5 /home/u822946699/domains/sundaratravelclub.com/public_html/staging/wp-includes/class-wp-hook.php(334): WP_Hook->apply_filters()
#6 /home/u822946699/domains/sundaratravelclub.com/public_html/staging/wp-includes/plugin.php(517): WP_Hook->do_action()
#7 /home/u822946699/domains/sundaratravelclub.com/public_html/staging/wp-content/plugins/cuberaksi-midtrans/woo/templates/checkout/thankyou.php(81): do_action()
#8 /home/u822946699/domains/sundaratravelclub.com/public_html/staging/wp-content/plugins/woocommerce/includes/wc-core-functions.php(345): include('/home/u82294669...')
#9 /home/u822946699/domains/sundaratravelclub.com/public_html/staging/wp-content/plugins/woocommerce/includes/shortcodes/class-wc-shortcode-checkout.php(322): wc_get_template()
#10 /home/u822946699/domains/sundaratravelclub.com/public_html/staging/wp-content/plugins/woocommerce/includes/shortcodes/class-wc-shortcode-checkout.php(63): WC_Shortcode_Checkout::order_received()
#11 /home/u822946699/domains/sundaratravelclub.com/public_html/staging/wp-content/plugins/woocommerce/includes/class-wc-shortcodes.php(72): WC_Shortcode_Checkout::output()
#12 /home/u822946699/domains/sundaratravelclub.com/public_html/staging/wp-content/plugins/woocommerce/includes/class-wc-shortcodes.php(95): WC_Shortcodes::shortcode_wrapper()
#13 /home/u822946699/domains/sundaratravelclub.com/public_html/staging/wp-includes/shortcodes.php(395): WC_Shortcodes::checkout()
#14 [internal function]: do_shortcode_tag()
#15 /home/u822946699/domains/sundaratravelclub.com/public_html/staging/wp-includes/shortcodes.php(235): preg_replace_callback()
#16 /home/u822946699/domains/sundaratravelclub.com/public_html/staging/wp-content/plugins/elementor-pro/modules/woocommerce/widgets/checkout.php(4293): do_shortcode()
#17 /home/u822946699/domains/sundaratravelclub.com/public_html/staging/wp-content/plugins/elementor/includes/base/controls-stack.php(2268): ElementorPro\Modules\Woocommerce\Widgets\Checkout->render()
#18 /home/u822946699/domains/sundaratravelclub.com/public_html/staging/wp-content/plugins/elementor/includes/base/widget-base.php(609): Elementor\Controls_Stack->render_by_mode()
#19 /home/u822946699/domains/sundaratravelclub.com/public_html/staging/wp-content/plugins/elementor/includes/base/widget-base.php(750): Elementor\Widget_Base->render_content()
#20 /home/u822946699/domains/sundaratravelclub.com/public_html/staging/wp-content/plugins/elementor/includes/base/element-base.php(449): Elementor\Widget_Base->print_content()
#21 /home/u822946699/domains/sundaratravelclub.com/public_html/staging/wp-content/plugins/elementor/includes/base/element-base.php(1354): Elementor\Element_Base->print_element()
#22 /home/u822946699/domains/sundaratravelclub.com/public_html/staging/wp-content/plugins/elementor/includes/base/element-base.php(449): Elementor\Element_Base->print_content()
#23 /home/u822946699/domains/sundaratravelclub.com/public_html/staging/wp-content/plugins/elementor/includes/base/element-base.php(1354): Elementor\Element_Base->print_element()
#24 /home/u822946699/domains/sundaratravelclub.com/public_html/staging/wp-content/plugins/elementor/includes/base/element-base.php(449): Elementor\Element_Base->print_content()
#25 /home/u822946699/domains/sundaratravelclub.com/public_html/staging/wp-content/plugins/elementor/core/base/document.php(1711): Elementor\Element_Base->print_element()
#26 /home/u822946699/domains/sundaratravelclub.com/public_html/staging/wp-content/plugins/elementor/core/base/document.php(1106): Elementor\Core\Base\Document->print_elements()
#27 /home/u822946699/domains/sundaratravelclub.com/public_html/staging/wp-content/plugins/elementor/includes/frontend.php(1179): Elementor\Core\Base\Document->print_elements_with_wrapper()
#28 /home/u822946699/domains/sundaratravelclub.com/public_html/staging/wp-content/plugins/elementor/includes/frontend.php(1074): Elementor\Frontend->get_builder_content()
#29 /home/u822946699/domains/sundaratravelclub.com/public_html/staging/wp-includes/class-wp-hook.php(310): Elementor\Frontend->apply_builder_in_content()
#30 /home/u822946699/domains/sundaratravelclub.com/public_html/staging/wp-includes/plugin.php(205): WP_Hook->apply_filters()
#31 /home/u822946699/domains/sundaratravelclub.com/public_html/staging/wp-includes/post-template.php(256): apply_filters()
#32 /home/u822946699/domains/sundaratravelclub.com/public_html/staging/wp-content/themes/astra/template-parts/single/content-header.php(33): the_content()
#33 /home/u822946699/domains/sundaratravelclub.com/public_html/staging/wp-includes/template.php(787): require('/home/u82294669...')
#34 /home/u822946699/domains/sundaratravelclub.com/public_html/staging/wp-includes/template.php(720): load_template()
#35 /home/u822946699/domains/sundaratravelclub.com/public_html/staging/wp-includes/general-template.php(206): locate_template()
#36 /home/u822946699/domains/sundaratravelclub.com/public_html/staging/wp-content/themes/astra/inc/template-parts.php(376): get_template_part()
#37 /home/u822946699/domains/sundaratravelclub.com/public_html/staging/wp-includes/class-wp-hook.php(310): astra_entry_content_single_page_template()
#38 /home/u822946699/domains/sundaratravelclub.com/public_html/staging/wp-includes/class-wp-hook.php(334): WP_Hook->apply_filters()
#39 /home/u822946699/domains/sundaratravelclub.com/public_html/staging/wp-includes/plugin.php(517): WP_Hook->do_action()
#40 /home/u822946699/domains/sundaratravelclub.com/public_html/staging/wp-content/themes/astra/inc/core/theme-hooks.php(452): do_action()
#41 /home/u822946699/domains/sundaratravelclub.com/public_html/staging/wp-content/themes/astra/template-parts/content-page.php(26): astra_entry_content_single_page()
#42 /home/u822946699/domains/sundaratravelclub.com/public_html/staging/wp-includes/template.php(787): require('/home/u82294669...')
#43 /home/u822946699/domains/sundaratravelclub.com/public_html/staging/wp-includes/template.php(720): load_template()
#44 /home/u822946699/domains/sundaratravelclub.com/public_html/staging/wp-includes/general-template.php(206): locate_template()
#45 /home/u822946699/domains/sundaratravelclub.com/public_html/staging/wp-content/themes/astra/inc/class-astra-loop.php(109): get_template_part()
#46 /home/u822946699/domains/sundaratravelclub.com/public_html/staging/wp-includes/class-wp-hook.php(310): Astra_Loop->template_parts_page()
#47 /home/u822946699/domains/sundaratravelclub.com/public_html/staging/wp-includes/class-wp-hook.php(334): WP_Hook->apply_filters()
#48 /home/u822946699/domains/sundaratravelclub.com/public_html/staging/wp-includes/plugin.php(517): WP_Hook->do_action()
#49 /home/u822946699/domains/sundaratravelclub.com/public_html/staging/wp-content/themes/astra/inc/class-astra-loop.php(197): do_action()
#50 /home/u822946699/domains/sundaratravelclub.com/public_html/staging/wp-content/themes/astra/inc/class-astra-loop.php(174): Astra_Loop->loop_markup()
#51 /home/u822946699/domains/sundaratravelclub.com/public_html/staging/wp-includes/class-wp-hook.php(310): Astra_Loop->loop_markup_page()
#52 /home/u822946699/domains/sundaratravelclub.com/public_html/staging/wp-includes/class-wp-hook.php(334): WP_Hook->apply_filters()
#53 /home/u822946699/domains/sundaratravelclub.com/public_html/staging/wp-includes/plugin.php(517): WP_Hook->do_action()
#54 /home/u822946699/domains/sundaratravelclub.com/public_html/staging/wp-content/themes/astra/inc/core/theme-hooks.php(267): do_action()
#55 /home/u822946699/domains/sundaratravelclub.com/public_html/staging/wp-content/themes/astra/page.php(32): astra_content_page_loop()
#56 /home/u822946699/domains/sundaratravelclub.com/public_html/staging/wp-includes/template-loader.php(106): include('/home/u82294669...')
#57 /home/u822946699/domains/sundaratravelclub.com/public_html/staging/wp-blog-header.php(19): require_once('/home/u82294669...')
#58 /home/u822946699/domains/sundaratravelclub.com/public_html/staging/index.php(17): require('/home/u82294669...')
#59 {main}
  thrown in /home/u822946699/domains/sundaratravelclub.com/public_html/staging/wp-content/plugins/cuberaksi-midtrans/woo/templates/order/order-details-item.php on line 58

2023-09-03T06:57:48+00:00 CRITICAL Uncaught Error: Value of type null is not callable in /home/u822946699/domains/sundaratravelclub.com/public_html/staging/wp-content/plugins/cuberaksi-midtrans/woo/templates/order/order-details-item.php:58
Stack trace:
#0 /home/u822946699/domains/sundaratravelclub.com/public_html/staging/wp-content/plugins/woocommerce/includes/wc-core-functions.php(345): include()
#1 /home/u822946699/domains/sundaratravelclub.com/public_html/staging/wp-content/plugins/cuberaksi-midtrans/woo/templates/order/order-details.php(71): wc_get_template()
#2 /home/u822946699/domains/sundaratravelclub.com/public_html/staging/wp-content/plugins/woocommerce/includes/wc-core-functions.php(345): include('/home/u82294669...')
#3 /home/u822946699/domains/sundaratravelclub.com/public_html/staging/wp-content/plugins/woocommerce/includes/wc-template-functions.php(2724): wc_get_template()
#4 /home/u822946699/domains/sundaratravelclub.com/public_html/staging/wp-includes/class-wp-hook.php(310): woocommerce_order_details_table()
#5 /home/u822946699/domains/sundaratravelclub.com/public_html/staging/wp-includes/class-wp-hook.php(334): WP_Hook->apply_filters()
#6 /home/u822946699/domains/sundaratravelclub.com/public_html/staging/wp-includes/plugin.php(517): WP_Hook->do_action()
#7 /home/u822946699/domains/sundaratravelclub.com/public_html/staging/wp-content/plugins/cuberaksi-midtrans/woo/templates/checkout/thankyou.php(81): do_action()
#8 /home/u822946699/domains/sundaratravelclub.com/public_html/staging/wp-content/plugins/woocommerce/includes/wc-core-functions.php(345): include('/home/u82294669...')
#9 /home/u822946699/domains/sundaratravelclub.com/public_html/staging/wp-content/plugins/woocommerce/includes/shortcodes/class-wc-shortcode-checkout.php(322): wc_get_template()
#10 /home/u822946699/domains/sundaratravelclub.com/public_html/staging/wp-content/plugins/woocommerce/includes/shortcodes/class-wc-shortcode-checkout.php(63): WC_Shortcode_Checkout::order_received()
#11 /home/u822946699/domains/sundaratravelclub.com/public_html/staging/wp-content/plugins/woocommerce/includes/class-wc-shortcodes.php(72): WC_Shortcode_Checkout::output()
#12 /home/u822946699/domains/sundaratravelclub.com/public_html/staging/wp-content/plugins/woocommerce/includes/class-wc-shortcodes.php(95): WC_Shortcodes::shortcode_wrapper()
#13 /home/u822946699/domains/sundaratravelclub.com/public_html/staging/wp-includes/shortcodes.php(395): WC_Shortcodes::checkout()
#14 [internal function]: do_shortcode_tag()
#15 /home/u822946699/domains/sundaratravelclub.com/public_html/staging/wp-includes/shortcodes.php(235): preg_replace_callback()
#16 /home/u822946699/domains/sundaratravelclub.com/public_html/staging/wp-content/plugins/elementor-pro/modules/woocommerce/widgets/checkout.php(4293): do_shortcode()
#17 /home/u822946699/domains/sundaratravelclub.com/public_html/staging/wp-content/plugins/elementor/includes/base/controls-stack.php(2268): ElementorPro\Modules\Woocommerce\Widgets\Checkout->render()
#18 /home/u822946699/domains/sundaratravelclub.com/public_html/staging/wp-content/plugins/elementor/includes/base/widget-base.php(609): Elementor\Controls_Stack->render_by_mode()
#19 /home/u822946699/domains/sundaratravelclub.com/public_html/staging/wp-content/plugins/elementor/includes/base/widget-base.php(750): Elementor\Widget_Base->render_content()
#20 /home/u822946699/domains/sundaratravelclub.com/public_html/staging/wp-content/plugins/elementor/includes/base/element-base.php(449): Elementor\Widget_Base->print_content()
#21 /home/u822946699/domains/sundaratravelclub.com/public_html/staging/wp-content/plugins/elementor/includes/base/element-base.php(1354): Elementor\Element_Base->print_element()
#22 /home/u822946699/domains/sundaratravelclub.com/public_html/staging/wp-content/plugins/elementor/includes/base/element-base.php(449): Elementor\Element_Base->print_content()
#23 /home/u822946699/domains/sundaratravelclub.com/public_html/staging/wp-content/plugins/elementor/includes/base/element-base.php(1354): Elementor\Element_Base->print_element()
#24 /home/u822946699/domains/sundaratravelclub.com/public_html/staging/wp-content/plugins/elementor/includes/base/element-base.php(449): Elementor\Element_Base->print_content()
#25 /home/u822946699/domains/sundaratravelclub.com/public_html/staging/wp-content/plugins/elementor/core/base/document.php(1711): Elementor\Element_Base->print_element()
#26 /home/u822946699/domains/sundaratravelclub.com/public_html/staging/wp-content/plugins/elementor/core/base/document.php(1106): Elementor\Core\Base\Document->print_elements()
#27 /home/u822946699/domains/sundaratravelclub.com/public_html/staging/wp-content/plugins/elementor/includes/frontend.php(1179): Elementor\Core\Base\Document->print_elements_with_wrapper()
#28 /home/u822946699/domains/sundaratravelclub.com/public_html/staging/wp-content/plugins/elementor/includes/frontend.php(1074): Elementor\Frontend->get_builder_content()
#29 /home/u822946699/domains/sundaratravelclub.com/public_html/staging/wp-includes/class-wp-hook.php(310): Elementor\Frontend->apply_builder_in_content()
#30 /home/u822946699/domains/sundaratravelclub.com/public_html/staging/wp-includes/plugin.php(205): WP_Hook->apply_filters()
#31 /home/u822946699/domains/sundaratravelclub.com/public_html/staging/wp-includes/post-template.php(256): apply_filters()
#32 /home/u822946699/domains/sundaratravelclub.com/public_html/staging/wp-content/themes/astra/template-parts/single/content-header.php(33): the_content()
#33 /home/u822946699/domains/sundaratravelclub.com/public_html/staging/wp-includes/template.php(787): require('/home/u82294669...')
#34 /home/u822946699/domains/sundaratravelclub.com/public_html/staging/wp-includes/template.php(720): load_template()
#35 /home/u822946699/domains/sundaratravelclub.com/public_html/staging/wp-includes/general-template.php(206): locate_template()
#36 /home/u822946699/domains/sundaratravelclub.com/public_html/staging/wp-content/themes/astra/inc/template-parts.php(376): get_template_part()
#37 /home/u822946699/domains/sundaratravelclub.com/public_html/staging/wp-includes/class-wp-hook.php(310): astra_entry_content_single_page_template()
#38 /home/u822946699/domains/sundaratravelclub.com/public_html/staging/wp-includes/class-wp-hook.php(334): WP_Hook->apply_filters()
#39 /home/u822946699/domains/sundaratravelclub.com/public_html/staging/wp-includes/plugin.php(517): WP_Hook->do_action()
#40 /home/u822946699/domains/sundaratravelclub.com/public_html/staging/wp-content/themes/astra/inc/core/theme-hooks.php(452): do_action()
#41 /home/u822946699/domains/sundaratravelclub.com/public_html/staging/wp-content/themes/astra/template-parts/content-page.php(26): astra_entry_content_single_page()
#42 /home/u822946699/domains/sundaratravelclub.com/public_html/staging/wp-includes/template.php(787): require('/home/u82294669...')
#43 /home/u822946699/domains/sundaratravelclub.com/public_html/staging/wp-includes/template.php(720): load_template()
#44 /home/u822946699/domains/sundaratravelclub.com/public_html/staging/wp-includes/general-template.php(206): locate_template()
#45 /home/u822946699/domains/sundaratravelclub.com/public_html/staging/wp-content/themes/astra/inc/class-astra-loop.php(109): get_template_part()
#46 /home/u822946699/domains/sundaratravelclub.com/public_html/staging/wp-includes/class-wp-hook.php(310): Astra_Loop->template_parts_page()
#47 /home/u822946699/domains/sundaratravelclub.com/public_html/staging/wp-includes/class-wp-hook.php(334): WP_Hook->apply_filters()
#48 /home/u822946699/domains/sundaratravelclub.com/public_html/staging/wp-includes/plugin.php(517): WP_Hook->do_action()
#49 /home/u822946699/domains/sundaratravelclub.com/public_html/staging/wp-content/themes/astra/inc/class-astra-loop.php(197): do_action()
#50 /home/u822946699/domains/sundaratravelclub.com/public_html/staging/wp-content/themes/astra/inc/class-astra-loop.php(174): Astra_Loop->loop_markup()
#51 /home/u822946699/domains/sundaratravelclub.com/public_html/staging/wp-includes/class-wp-hook.php(310): Astra_Loop->loop_markup_page()
#52 /home/u822946699/domains/sundaratravelclub.com/public_html/staging/wp-includes/class-wp-hook.php(334): WP_Hook->apply_filters()
#53 /home/u822946699/domains/sundaratravelclub.com/public_html/staging/wp-includes/plugin.php(517): WP_Hook->do_action()
#54 /home/u822946699/domains/sundaratravelclub.com/public_html/staging/wp-content/themes/astra/inc/core/theme-hooks.php(267): do_action()
#55 /home/u822946699/domains/sundaratravelclub.com/public_html/staging/wp-content/themes/astra/page.php(32): astra_content_page_loop()
#56 /home/u822946699/domains/sundaratravelclub.com/public_html/staging/wp-includes/template-loader.php(106): include('/home/u82294669...')
#57 /home/u822946699/domains/sundaratravelclub.com/public_html/staging/wp-blog-header.php(19): require_once('/home/u82294669...')
#58 /home/u822946699/domains/sundaratravelclub.com/public_html/staging/index.php(17): require('/home/u82294669...')
#59 {main}
  thrown in /home/u822946699/domains/sundaratravelclub.com/public_html/staging/wp-content/plugins/cuberaksi-midtrans/woo/templates/order/order-details-item.php on line 58

2023-09-03T06:57:53+00:00 CRITICAL Uncaught Error: Value of type null is not callable in /home/u822946699/domains/sundaratravelclub.com/public_html/staging/wp-content/plugins/cuberaksi-midtrans/woo/templates/order/order-details-item.php:58
Stack trace:
#0 /home/u822946699/domains/sundaratravelclub.com/public_html/staging/wp-content/plugins/woocommerce/includes/wc-core-functions.php(345): include()
#1 /home/u822946699/domains/sundaratravelclub.com/public_html/staging/wp-content/plugins/cuberaksi-midtrans/woo/templates/order/order-details.php(71): wc_get_template()
#2 /home/u822946699/domains/sundaratravelclub.com/public_html/staging/wp-content/plugins/woocommerce/includes/wc-core-functions.php(345): include('/home/u82294669...')
#3 /home/u822946699/domains/sundaratravelclub.com/public_html/staging/wp-content/plugins/woocommerce/includes/wc-template-functions.php(2724): wc_get_template()
#4 /home/u822946699/domains/sundaratravelclub.com/public_html/staging/wp-includes/class-wp-hook.php(310): woocommerce_order_details_table()
#5 /home/u822946699/domains/sundaratravelclub.com/public_html/staging/wp-includes/class-wp-hook.php(334): WP_Hook->apply_filters()
#6 /home/u822946699/domains/sundaratravelclub.com/public_html/staging/wp-includes/plugin.php(517): WP_Hook->do_action()
#7 /home/u822946699/domains/sundaratravelclub.com/public_html/staging/wp-content/plugins/cuberaksi-midtrans/woo/templates/checkout/thankyou.php(81): do_action()
#8 /home/u822946699/domains/sundaratravelclub.com/public_html/staging/wp-content/plugins/woocommerce/includes/wc-core-functions.php(345): include('/home/u82294669...')
#9 /home/u822946699/domains/sundaratravelclub.com/public_html/staging/wp-content/plugins/woocommerce/includes/shortcodes/class-wc-shortcode-checkout.php(322): wc_get_template()
#10 /home/u822946699/domains/sundaratravelclub.com/public_html/staging/wp-content/plugins/woocommerce/includes/shortcodes/class-wc-shortcode-checkout.php(63): WC_Shortcode_Checkout::order_received()
#11 /home/u822946699/domains/sundaratravelclub.com/public_html/staging/wp-content/plugins/woocommerce/includes/class-wc-shortcodes.php(72): WC_Shortcode_Checkout::output()
#12 /home/u822946699/domains/sundaratravelclub.com/public_html/staging/wp-content/plugins/woocommerce/includes/class-wc-shortcodes.php(95): WC_Shortcodes::shortcode_wrapper()
#13 /home/u822946699/domains/sundaratravelclub.com/public_html/staging/wp-includes/shortcodes.php(395): WC_Shortcodes::checkout()
#14 [internal function]: do_shortcode_tag()
#15 /home/u822946699/domains/sundaratravelclub.com/public_html/staging/wp-includes/shortcodes.php(235): preg_replace_callback()
#16 /home/u822946699/domains/sundaratravelclub.com/public_html/staging/wp-content/plugins/elementor-pro/modules/woocommerce/widgets/checkout.php(4293): do_shortcode()
#17 /home/u822946699/domains/sundaratravelclub.com/public_html/staging/wp-content/plugins/elementor/includes/base/controls-stack.php(2268): ElementorPro\Modules\Woocommerce\Widgets\Checkout->render()
#18 /home/u822946699/domains/sundaratravelclub.com/public_html/staging/wp-content/plugins/elementor/includes/base/widget-base.php(609): Elementor\Controls_Stack->render_by_mode()
#19 /home/u822946699/domains/sundaratravelclub.com/public_html/staging/wp-content/plugins/elementor/includes/base/widget-base.php(750): Elementor\Widget_Base->render_content()
#20 /home/u822946699/domains/sundaratravelclub.com/public_html/staging/wp-content/plugins/elementor/includes/base/element-base.php(449): Elementor\Widget_Base->print_content()
#21 /home/u822946699/domains/sundaratravelclub.com/public_html/staging/wp-content/plugins/elementor/includes/base/element-base.php(1354): Elementor\Element_Base->print_element()
#22 /home/u822946699/domains/sundaratravelclub.com/public_html/staging/wp-content/plugins/elementor/includes/base/element-base.php(449): Elementor\Element_Base->print_content()
#23 /home/u822946699/domains/sundaratravelclub.com/public_html/staging/wp-content/plugins/elementor/includes/base/element-base.php(1354): Elementor\Element_Base->print_element()
#24 /home/u822946699/domains/sundaratravelclub.com/public_html/staging/wp-content/plugins/elementor/includes/base/element-base.php(449): Elementor\Element_Base->print_content()
#25 /home/u822946699/domains/sundaratravelclub.com/public_html/staging/wp-content/plugins/elementor/core/base/document.php(1711): Elementor\Element_Base->print_element()
#26 /home/u822946699/domains/sundaratravelclub.com/public_html/staging/wp-content/plugins/elementor/core/base/document.php(1106): Elementor\Core\Base\Document->print_elements()
#27 /home/u822946699/domains/sundaratravelclub.com/public_html/staging/wp-content/plugins/elementor/includes/frontend.php(1179): Elementor\Core\Base\Document->print_elements_with_wrapper()
#28 /home/u822946699/domains/sundaratravelclub.com/public_html/staging/wp-content/plugins/elementor/includes/frontend.php(1074): Elementor\Frontend->get_builder_content()
#29 /home/u822946699/domains/sundaratravelclub.com/public_html/staging/wp-includes/class-wp-hook.php(310): Elementor\Frontend->apply_builder_in_content()
#30 /home/u822946699/domains/sundaratravelclub.com/public_html/staging/wp-includes/plugin.php(205): WP_Hook->apply_filters()
#31 /home/u822946699/domains/sundaratravelclub.com/public_html/staging/wp-includes/post-template.php(256): apply_filters()
#32 /home/u822946699/domains/sundaratravelclub.com/public_html/staging/wp-content/themes/astra/template-parts/single/content-header.php(33): the_content()
#33 /home/u822946699/domains/sundaratravelclub.com/public_html/staging/wp-includes/template.php(787): require('/home/u82294669...')
#34 /home/u822946699/domains/sundaratravelclub.com/public_html/staging/wp-includes/template.php(720): load_template()
#35 /home/u822946699/domains/sundaratravelclub.com/public_html/staging/wp-includes/general-template.php(206): locate_template()
#36 /home/u822946699/domains/sundaratravelclub.com/public_html/staging/wp-content/themes/astra/inc/template-parts.php(376): get_template_part()
#37 /home/u822946699/domains/sundaratravelclub.com/public_html/staging/wp-includes/class-wp-hook.php(310): astra_entry_content_single_page_template()
#38 /home/u822946699/domains/sundaratravelclub.com/public_html/staging/wp-includes/class-wp-hook.php(334): WP_Hook->apply_filters()
#39 /home/u822946699/domains/sundaratravelclub.com/public_html/staging/wp-includes/plugin.php(517): WP_Hook->do_action()
#40 /home/u822946699/domains/sundaratravelclub.com/public_html/staging/wp-content/themes/astra/inc/core/theme-hooks.php(452): do_action()
#41 /home/u822946699/domains/sundaratravelclub.com/public_html/staging/wp-content/themes/astra/template-parts/content-page.php(26): astra_entry_content_single_page()
#42 /home/u822946699/domains/sundaratravelclub.com/public_html/staging/wp-includes/template.php(787): require('/home/u82294669...')
#43 /home/u822946699/domains/sundaratravelclub.com/public_html/staging/wp-includes/template.php(720): load_template()
#44 /home/u822946699/domains/sundaratravelclub.com/public_html/staging/wp-includes/general-template.php(206): locate_template()
#45 /home/u822946699/domains/sundaratravelclub.com/public_html/staging/wp-content/themes/astra/inc/class-astra-loop.php(109): get_template_part()
#46 /home/u822946699/domains/sundaratravelclub.com/public_html/staging/wp-includes/class-wp-hook.php(310): Astra_Loop->template_parts_page()
#47 /home/u822946699/domains/sundaratravelclub.com/public_html/staging/wp-includes/class-wp-hook.php(334): WP_Hook->apply_filters()
#48 /home/u822946699/domains/sundaratravelclub.com/public_html/staging/wp-includes/plugin.php(517): WP_Hook->do_action()
#49 /home/u822946699/domains/sundaratravelclub.com/public_html/staging/wp-content/themes/astra/inc/class-astra-loop.php(197): do_action()
#50 /home/u822946699/domains/sundaratravelclub.com/public_html/staging/wp-content/themes/astra/inc/class-astra-loop.php(174): Astra_Loop->loop_markup()
#51 /home/u822946699/domains/sundaratravelclub.com/public_html/staging/wp-includes/class-wp-hook.php(310): Astra_Loop->loop_markup_page()
#52 /home/u822946699/domains/sundaratravelclub.com/public_html/staging/wp-includes/class-wp-hook.php(334): WP_Hook->apply_filters()
#53 /home/u822946699/domains/sundaratravelclub.com/public_html/staging/wp-includes/plugin.php(517): WP_Hook->do_action()
#54 /home/u822946699/domains/sundaratravelclub.com/public_html/staging/wp-content/themes/astra/inc/core/theme-hooks.php(267): do_action()
#55 /home/u822946699/domains/sundaratravelclub.com/public_html/staging/wp-content/themes/astra/page.php(32): astra_content_page_loop()
#56 /home/u822946699/domains/sundaratravelclub.com/public_html/staging/wp-includes/template-loader.php(106): include('/home/u82294669...')
#57 /home/u822946699/domains/sundaratravelclub.com/public_html/staging/wp-blog-header.php(19): require_once('/home/u82294669...')
#58 /home/u822946699/domains/sundaratravelclub.com/public_html/staging/index.php(17): require('/home/u82294669...')
#59 {main}
  thrown in /home/u822946699/domains/sundaratravelclub.com/public_html/staging/wp-content/plugins/cuberaksi-midtrans/woo/templates/order/order-details-item.php on line 58

