2023-09-27T02:29:46+00:00 CRITICAL Uncaught Error: Call to a member function get_meta() on bool in /home/u822946699/domains/sundaratravelclub.com/public_html/staging/wp-content/plugins/cuberaksi-xendit/shortcode/trip_fields.php:42
Stack trace:
#0 /home/u822946699/domains/sundaratravelclub.com/public_html/staging/wp-includes/shortcodes.php(395): Cuberaksi\Shortcode\Calendar\Shortcode_Trip->shortcode('', '', 'trip_fields')
#1 [internal function]: do_shortcode_tag(Array)
#2 /home/u822946699/domains/sundaratravelclub.com/public_html/staging/wp-includes/shortcodes.php(235): preg_replace_callback('/\\[(\\[?)(trip_f...', 'do_shortcode_ta...', '[trip_fields]')
#3 /home/u822946699/domains/sundaratravelclub.com/public_html/staging/wp-content/plugins/elementor/includes/widgets/shortcode.php(130): do_shortcode('[trip_fields]')
#4 /home/u822946699/domains/sundaratravelclub.com/public_html/staging/wp-content/plugins/elementor/includes/base/controls-stack.php(2265): Elementor\Widget_Shortcode->render()
#5 /home/u822946699/domains/sundaratravelclub.com/public in /home/u822946699/domains/sundaratravelclub.com/public_html/staging/wp-content/plugins/cuberaksi-xendit/shortcode/trip_fields.php on line 42

2023-09-27T02:30:30+00:00 CRITICAL Uncaught Error: Call to a member function get_meta() on bool in /home/u822946699/domains/sundaratravelclub.com/public_html/staging/wp-content/plugins/cuberaksi-xendit/shortcode/trip_fields.php:42
Stack trace:
#0 /home/u822946699/domains/sundaratravelclub.com/public_html/staging/wp-includes/shortcodes.php(395): Cuberaksi\Shortcode\Calendar\Shortcode_Trip->shortcode('', '', 'trip_fields')
#1 [internal function]: do_shortcode_tag(Array)
#2 /home/u822946699/domains/sundaratravelclub.com/public_html/staging/wp-includes/shortcodes.php(235): preg_replace_callback('/\\[(\\[?)(trip_f...', 'do_shortcode_ta...', '<p>[trip_fields...')
#3 /home/u822946699/domains/sundaratravelclub.com/public_html/staging/wp-includes/class-wp-hook.php(310): do_shortcode('<p>[trip_fields...')
#4 /home/u822946699/domains/sundaratravelclub.com/public_html/staging/wp-includes/plugin.php(205): WP_Hook->apply_filters('<p>[trip_fields...', Array)
#5 /home/u822946699/domains/sundaratravelclub.com/public_html/staging/wp-includes/post-template.php(2 in /home/u822946699/domains/sundaratravelclub.com/public_html/staging/wp-content/plugins/cuberaksi-xendit/shortcode/trip_fields.php on line 42

2023-09-27T02:30:36+00:00 CRITICAL Uncaught Error: Call to a member function get_meta() on bool in /home/u822946699/domains/sundaratravelclub.com/public_html/staging/wp-content/plugins/cuberaksi-xendit/shortcode/trip_fields.php:42
Stack trace:
#0 /home/u822946699/domains/sundaratravelclub.com/public_html/staging/wp-includes/shortcodes.php(395): Cuberaksi\Shortcode\Calendar\Shortcode_Trip->shortcode('', '', 'trip_fields')
#1 [internal function]: do_shortcode_tag(Array)
#2 /home/u822946699/domains/sundaratravelclub.com/public_html/staging/wp-includes/shortcodes.php(235): preg_replace_callback('/\\[(\\[?)(trip_f...', 'do_shortcode_ta...', '<p>[trip_fields...')
#3 /home/u822946699/domains/sundaratravelclub.com/public_html/staging/wp-includes/class-wp-hook.php(310): do_shortcode('<p>[trip_fields...')
#4 /home/u822946699/domains/sundaratravelclub.com/public_html/staging/wp-includes/plugin.php(205): WP_Hook->apply_filters('<p>[trip_fields...', Array)
#5 /home/u822946699/domains/sundaratravelclub.com/public_html/staging/wp-includes/post-template.php(2 in /home/u822946699/domains/sundaratravelclub.com/public_html/staging/wp-content/plugins/cuberaksi-xendit/shortcode/trip_fields.php on line 42

2023-09-27T03:00:21+00:00 CRITICAL Uncaught Error: Call to a member function get_meta() on bool in /home/u822946699/domains/sundaratravelclub.com/public_html/staging/wp-content/plugins/cuberaksi-xendit/shortcode/trip_fields.php:42
Stack trace:
#0 /home/u822946699/domains/sundaratravelclub.com/public_html/staging/wp-includes/shortcodes.php(395): Cuberaksi\Shortcode\Calendar\Shortcode_Trip->shortcode('', '', 'trip_fields')
#1 [internal function]: do_shortcode_tag(Array)
#2 /home/u822946699/domains/sundaratravelclub.com/public_html/staging/wp-includes/shortcodes.php(235): preg_replace_callback('/\\[(\\[?)(trip_f...', 'do_shortcode_ta...', '<p>[trip_fields...')
#3 /home/u822946699/domains/sundaratravelclub.com/public_html/staging/wp-includes/class-wp-hook.php(310): do_shortcode('<p>[trip_fields...')
#4 /home/u822946699/domains/sundaratravelclub.com/public_html/staging/wp-includes/plugin.php(205): WP_Hook->apply_filters('<p>[trip_fields...', Array)
#5 /home/u822946699/domains/sundaratravelclub.com/public_html/staging/wp-includes/post-template.php(2 in /home/u822946699/domains/sundaratravelclub.com/public_html/staging/wp-content/plugins/cuberaksi-xendit/shortcode/trip_fields.php on line 42

2023-09-27T03:00:30+00:00 CRITICAL Uncaught Error: Call to a member function get_meta() on bool in /home/u822946699/domains/sundaratravelclub.com/public_html/staging/wp-content/plugins/cuberaksi-xendit/shortcode/trip_fields.php:42
Stack trace:
#0 /home/u822946699/domains/sundaratravelclub.com/public_html/staging/wp-includes/shortcodes.php(395): Cuberaksi\Shortcode\Calendar\Shortcode_Trip->shortcode('', '', 'trip_fields')
#1 [internal function]: do_shortcode_tag(Array)
#2 /home/u822946699/domains/sundaratravelclub.com/public_html/staging/wp-includes/shortcodes.php(235): preg_replace_callback('/\\[(\\[?)(trip_f...', 'do_shortcode_ta...', '<p>[trip_fields...')
#3 /home/u822946699/domains/sundaratravelclub.com/public_html/staging/wp-includes/class-wp-hook.php(310): do_shortcode('<p>[trip_fields...')
#4 /home/u822946699/domains/sundaratravelclub.com/public_html/staging/wp-includes/plugin.php(205): WP_Hook->apply_filters('<p>[trip_fields...', Array)
#5 /home/u822946699/domains/sundaratravelclub.com/public_html/staging/wp-includes/post-template.php(2 in /home/u822946699/domains/sundaratravelclub.com/public_html/staging/wp-content/plugins/cuberaksi-xendit/shortcode/trip_fields.php on line 42

2023-09-27T15:01:44+00:00 CRITICAL Uncaught Error: Call to a member function get_meta() on bool in /home/u822946699/domains/sundaratravelclub.com/public_html/staging/wp-content/plugins/cuberaksi-xendit/shortcode/trip_fields.php:42
Stack trace:
#0 /home/u822946699/domains/sundaratravelclub.com/public_html/staging/wp-includes/shortcodes.php(395): Cuberaksi\Shortcode\Calendar\Shortcode_Trip->shortcode('', '', 'trip_fields')
#1 [internal function]: do_shortcode_tag(Array)
#2 /home/u822946699/domains/sundaratravelclub.com/public_html/staging/wp-includes/shortcodes.php(235): preg_replace_callback('/\\[(\\[?)(trip_f...', 'do_shortcode_ta...', '<p>[trip_fields...')
#3 /home/u822946699/domains/sundaratravelclub.com/public_html/staging/wp-includes/class-wp-hook.php(310): do_shortcode('<p>[trip_fields...')
#4 /home/u822946699/domains/sundaratravelclub.com/public_html/staging/wp-includes/plugin.php(205): WP_Hook->apply_filters('<p>[trip_fields...', Array)
#5 /home/u822946699/domains/sundaratravelclub.com/public_html/staging/wp-includes/post-template.php(2 in /home/u822946699/domains/sundaratravelclub.com/public_html/staging/wp-content/plugins/cuberaksi-xendit/shortcode/trip_fields.php on line 42

2023-09-27T15:01:45+00:00 CRITICAL Uncaught Error: Call to a member function get_meta() on bool in /home/u822946699/domains/sundaratravelclub.com/public_html/staging/wp-content/plugins/cuberaksi-xendit/shortcode/trip_fields.php:42
Stack trace:
#0 /home/u822946699/domains/sundaratravelclub.com/public_html/staging/wp-includes/shortcodes.php(395): Cuberaksi\Shortcode\Calendar\Shortcode_Trip->shortcode('', '', 'trip_fields')
#1 [internal function]: do_shortcode_tag(Array)
#2 /home/u822946699/domains/sundaratravelclub.com/public_html/staging/wp-includes/shortcodes.php(235): preg_replace_callback('/\\[(\\[?)(trip_f...', 'do_shortcode_ta...', '<p>[trip_fields...')
#3 /home/u822946699/domains/sundaratravelclub.com/public_html/staging/wp-includes/class-wp-hook.php(310): do_shortcode('<p>[trip_fields...')
#4 /home/u822946699/domains/sundaratravelclub.com/public_html/staging/wp-includes/plugin.php(205): WP_Hook->apply_filters('<p>[trip_fields...', Array)
#5 /home/u822946699/domains/sundaratravelclub.com/public_html/staging/wp-includes/post-template.php(2 in /home/u822946699/domains/sundaratravelclub.com/public_html/staging/wp-content/plugins/cuberaksi-xendit/shortcode/trip_fields.php on line 42

2023-09-27T15:02:02+00:00 CRITICAL Uncaught Error: Call to a member function get_meta() on bool in /home/u822946699/domains/sundaratravelclub.com/public_html/staging/wp-content/plugins/cuberaksi-xendit/shortcode/trip_fields.php:42
Stack trace:
#0 /home/u822946699/domains/sundaratravelclub.com/public_html/staging/wp-includes/shortcodes.php(395): Cuberaksi\Shortcode\Calendar\Shortcode_Trip->shortcode('', '', 'trip_fields')
#1 [internal function]: do_shortcode_tag(Array)
#2 /home/u822946699/domains/sundaratravelclub.com/public_html/staging/wp-includes/shortcodes.php(235): preg_replace_callback('/\\[(\\[?)(trip_f...', 'do_shortcode_ta...', '<p>[trip_fields...')
#3 /home/u822946699/domains/sundaratravelclub.com/public_html/staging/wp-includes/class-wp-hook.php(310): do_shortcode('<p>[trip_fields...')
#4 /home/u822946699/domains/sundaratravelclub.com/public_html/staging/wp-includes/plugin.php(205): WP_Hook->apply_filters('<p>[trip_fields...', Array)
#5 /home/u822946699/domains/sundaratravelclub.com/public_html/staging/wp-includes/post-template.php(2 in /home/u822946699/domains/sundaratravelclub.com/public_html/staging/wp-content/plugins/cuberaksi-xendit/shortcode/trip_fields.php on line 42

2023-09-27T15:02:03+00:00 CRITICAL Uncaught Error: Call to a member function get_meta() on bool in /home/u822946699/domains/sundaratravelclub.com/public_html/staging/wp-content/plugins/cuberaksi-xendit/shortcode/trip_fields.php:42
Stack trace:
#0 /home/u822946699/domains/sundaratravelclub.com/public_html/staging/wp-includes/shortcodes.php(395): Cuberaksi\Shortcode\Calendar\Shortcode_Trip->shortcode('', '', 'trip_fields')
#1 [internal function]: do_shortcode_tag(Array)
#2 /home/u822946699/domains/sundaratravelclub.com/public_html/staging/wp-includes/shortcodes.php(235): preg_replace_callback('/\\[(\\[?)(trip_f...', 'do_shortcode_ta...', '<p>[trip_fields...')
#3 /home/u822946699/domains/sundaratravelclub.com/public_html/staging/wp-includes/class-wp-hook.php(310): do_shortcode('<p>[trip_fields...')
#4 /home/u822946699/domains/sundaratravelclub.com/public_html/staging/wp-includes/plugin.php(205): WP_Hook->apply_filters('<p>[trip_fields...', Array)
#5 /home/u822946699/domains/sundaratravelclub.com/public_html/staging/wp-includes/post-template.php(2 in /home/u822946699/domains/sundaratravelclub.com/public_html/staging/wp-content/plugins/cuberaksi-xendit/shortcode/trip_fields.php on line 42

2023-09-27T15:21:30+00:00 CRITICAL Uncaught Error: Call to a member function get_meta() on bool in /home/u822946699/domains/sundaratravelclub.com/public_html/staging/wp-content/plugins/cuberaksi-xendit/shortcode/trip_fields.php:42
Stack trace:
#0 /home/u822946699/domains/sundaratravelclub.com/public_html/staging/wp-includes/shortcodes.php(395): Cuberaksi\Shortcode\Calendar\Shortcode_Trip->shortcode('', '', 'trip_fields')
#1 [internal function]: do_shortcode_tag(Array)
#2 /home/u822946699/domains/sundaratravelclub.com/public_html/staging/wp-includes/shortcodes.php(235): preg_replace_callback('/\\[(\\[?)(trip_f...', 'do_shortcode_ta...', '[trip_fields]')
#3 /home/u822946699/domains/sundaratravelclub.com/public_html/staging/wp-content/plugins/elementor/includes/widgets/shortcode.php(130): do_shortcode('[trip_fields]')
#4 /home/u822946699/domains/sundaratravelclub.com/public_html/staging/wp-content/plugins/elementor/includes/base/controls-stack.php(2252): Elementor\Widget_Shortcode->render()
#5 /home/u822946699/domains/sundaratravelclub.com/public in /home/u822946699/domains/sundaratravelclub.com/public_html/staging/wp-content/plugins/cuberaksi-xendit/shortcode/trip_fields.php on line 42

2023-09-27T15:21:50+00:00 CRITICAL Uncaught Error: Call to a member function get_meta() on bool in /home/u822946699/domains/sundaratravelclub.com/public_html/staging/wp-content/plugins/cuberaksi-xendit/shortcode/trip_fields.php:42
Stack trace:
#0 /home/u822946699/domains/sundaratravelclub.com/public_html/staging/wp-includes/shortcodes.php(395): Cuberaksi\Shortcode\Calendar\Shortcode_Trip->shortcode('', '', 'trip_fields')
#1 [internal function]: do_shortcode_tag(Array)
#2 /home/u822946699/domains/sundaratravelclub.com/public_html/staging/wp-includes/shortcodes.php(235): preg_replace_callback('/\\[(\\[?)(trip_f...', 'do_shortcode_ta...', '[trip_fields]')
#3 /home/u822946699/domains/sundaratravelclub.com/public_html/staging/wp-content/plugins/elementor/includes/widgets/shortcode.php(130): do_shortcode('[trip_fields]')
#4 /home/u822946699/domains/sundaratravelclub.com/public_html/staging/wp-content/plugins/elementor/includes/base/controls-stack.php(2252): Elementor\Widget_Shortcode->render()
#5 /home/u822946699/domains/sundaratravelclub.com/public in /home/u822946699/domains/sundaratravelclub.com/public_html/staging/wp-content/plugins/cuberaksi-xendit/shortcode/trip_fields.php on line 42

2023-09-27T15:21:54+00:00 CRITICAL Uncaught Error: Call to a member function get_meta() on bool in /home/u822946699/domains/sundaratravelclub.com/public_html/staging/wp-content/plugins/cuberaksi-xendit/shortcode/trip_fields.php:42
Stack trace:
#0 /home/u822946699/domains/sundaratravelclub.com/public_html/staging/wp-includes/shortcodes.php(395): Cuberaksi\Shortcode\Calendar\Shortcode_Trip->shortcode('', '', 'trip_fields')
#1 [internal function]: do_shortcode_tag(Array)
#2 /home/u822946699/domains/sundaratravelclub.com/public_html/staging/wp-includes/shortcodes.php(235): preg_replace_callback('/\\[(\\[?)(trip_f...', 'do_shortcode_ta...', '[trip_fields]')
#3 /home/u822946699/domains/sundaratravelclub.com/public_html/staging/wp-content/plugins/elementor/includes/widgets/shortcode.php(130): do_shortcode('[trip_fields]')
#4 /home/u822946699/domains/sundaratravelclub.com/public_html/staging/wp-content/plugins/elementor/includes/base/controls-stack.php(2252): Elementor\Widget_Shortcode->render()
#5 /home/u822946699/domains/sundaratravelclub.com/public in /home/u822946699/domains/sundaratravelclub.com/public_html/staging/wp-content/plugins/cuberaksi-xendit/shortcode/trip_fields.php on line 42

2023-09-27T15:22:00+00:00 CRITICAL Uncaught Error: Call to a member function get_meta() on bool in /home/u822946699/domains/sundaratravelclub.com/public_html/staging/wp-content/plugins/cuberaksi-xendit/shortcode/trip_fields.php:42
Stack trace:
#0 /home/u822946699/domains/sundaratravelclub.com/public_html/staging/wp-includes/shortcodes.php(395): Cuberaksi\Shortcode\Calendar\Shortcode_Trip->shortcode('', '', 'trip_fields')
#1 [internal function]: do_shortcode_tag(Array)
#2 /home/u822946699/domains/sundaratravelclub.com/public_html/staging/wp-includes/shortcodes.php(235): preg_replace_callback('/\\[(\\[?)(trip_f...', 'do_shortcode_ta...', '[trip_fields]')
#3 /home/u822946699/domains/sundaratravelclub.com/public_html/staging/wp-content/plugins/elementor/includes/widgets/shortcode.php(130): do_shortcode('[trip_fields]')
#4 /home/u822946699/domains/sundaratravelclub.com/public_html/staging/wp-content/plugins/elementor/includes/base/controls-stack.php(2252): Elementor\Widget_Shortcode->render()
#5 /home/u822946699/domains/sundaratravelclub.com/public in /home/u822946699/domains/sundaratravelclub.com/public_html/staging/wp-content/plugins/cuberaksi-xendit/shortcode/trip_fields.php on line 42

2023-09-27T15:22:02+00:00 CRITICAL Uncaught Error: Call to a member function get_meta() on bool in /home/u822946699/domains/sundaratravelclub.com/public_html/staging/wp-content/plugins/cuberaksi-xendit/shortcode/trip_fields.php:42
Stack trace:
#0 /home/u822946699/domains/sundaratravelclub.com/public_html/staging/wp-includes/shortcodes.php(395): Cuberaksi\Shortcode\Calendar\Shortcode_Trip->shortcode('', '', 'trip_fields')
#1 [internal function]: do_shortcode_tag(Array)
#2 /home/u822946699/domains/sundaratravelclub.com/public_html/staging/wp-includes/shortcodes.php(235): preg_replace_callback('/\\[(\\[?)(trip_f...', 'do_shortcode_ta...', '[trip_fields]')
#3 /home/u822946699/domains/sundaratravelclub.com/public_html/staging/wp-content/plugins/elementor/includes/widgets/shortcode.php(130): do_shortcode('[trip_fields]')
#4 /home/u822946699/domains/sundaratravelclub.com/public_html/staging/wp-content/plugins/elementor/includes/base/controls-stack.php(2252): Elementor\Widget_Shortcode->render()
#5 /home/u822946699/domains/sundaratravelclub.com/public in /home/u822946699/domains/sundaratravelclub.com/public_html/staging/wp-content/plugins/cuberaksi-xendit/shortcode/trip_fields.php on line 42

